<?xml version="1.0" encoding="UTF-8"?>
<!-- Generated by org.testng.reporters.JUnitReportReporter -->
<testsuite hostname="Milindraj" failures="0" tests="5" name="com.learnautomation.testcases.HerokuappTest" time="128.695" errors="0" timestamp="2020-10-06T01:36:14 IST" skipped="0">
  <testcase classname="com.learnautomation.testcases.HerokuappTest" name="ClickCheckbox" time="19.723"/>
  <system-out/>
  <testcase classname="com.learnautomation.testcases.HerokuappTest" name="DragandDropElement" time="24.117"/>
  <system-out/>
  <testcase classname="com.learnautomation.testcases.HerokuappTest" name="SelectDropdown" time="46.864"/>
  <system-out/>
  <testcase classname="com.learnautomation.testcases.HerokuappTest" name="ClickContextMenu" time="21.754"/>
  <system-out/>
  <testcase classname="com.learnautomation.testcases.HerokuappTest" name="AddorRemoveElements" time="16.237"/>
  <system-out/>
</testsuite> <!-- com.learnautomation.testcases.HerokuappTest -->
