<?xml version="1.0" encoding="UTF-8"?>
<!-- Generated by org.testng.reporters.JUnitReportReporter -->
<testsuite hostname="Milindraj" failures="0" tests="1" name="com.learnautomation.testcases.CheckboxesTest" time="5.002" errors="0" timestamp="2020-09-20T22:47:34 IST" skipped="0">
  <testcase classname="com.learnautomation.testcases.CheckboxesTest" name="ClickCheckbox" time="5.002"/>
  <system-out/>
</testsuite> <!-- com.learnautomation.testcases.CheckboxesTest -->
