<?xml version="1.0" encoding="UTF-8"?>
<!-- Generated by org.testng.reporters.JUnitReportReporter -->
<testsuite hostname="Milindraj" failures="0" tests="1" name="com.learnautomation.testcases.Test2" time="0.004" errors="0" timestamp="2020-10-06T01:36:14 IST" skipped="0">
  <testcase classname="com.learnautomation.testcases.Test2" name="testmethod" time="0.004"/>
  <system-out/>
</testsuite> <!-- com.learnautomation.testcases.Test2 -->
